<?xml version="1.0" encoding="utf-8" standalone="no"?>
<!--This file represents the results of running a test suite-->
<test-results name="C:\Users\franc\OneDrive\Documents\cours\In'Tech\IL\S3\PI\Projet S3\BBTB GitHub\ITI.BBTB.Final\ITI.BBTB.Final\BBTB.Tests\bin\Debug\BBTB.Tests.dll" total="1" errors="0" failures="0" not-run="0" inconclusive="0" ignored="0" skipped="0" invalid="0" date="2017-12-04" time="11:13:53">
  <environment nunit-version="2.6.4.14350" clr-version="4.0.30319.42000" os-version="Microsoft Windows NT 6.2.9200.0" platform="Win32NT" cwd="C:\Users\franc\OneDrive\Documents\cours\In'Tech\IL\S3\PI\Projet S3\BBTB GitHub\ITI.BBTB.Final\ITI.BBTB.Final\BBTB.Tests\bin\Debug" machine-name="DESKTOP-IS3QRG2" user="franc" user-domain="DESKTOP-IS3QRG2" />
  <culture-info current-culture="fr-FR" current-uiculture="fr-FR" />
  <test-suite type="Assembly" name="C:\Users\franc\OneDrive\Documents\cours\In'Tech\IL\S3\PI\Projet S3\BBTB GitHub\ITI.BBTB.Final\ITI.BBTB.Final\BBTB.Tests\bin\Debug\BBTB.Tests.dll" executed="True" result="Success" success="True" time="0.002" asserts="0">
    <results>
      <test-suite type="Namespace" name="BBTB" executed="True" result="Success" success="True" time="0.002" asserts="0">
        <results>
          <test-suite type="Namespace" name="Tests" executed="True" result="Success" success="True" time="0.002" asserts="0">
            <results>
              <test-suite type="TestFixture" name="SimpleTests" executed="True" result="Success" success="True" time="0.002" asserts="0">
                <results>
                  <test-case name="BBTB.Tests.SimpleTests.LevelUp" executed="True" result="Success" success="True" time="0.000" asserts="4" />
                </results>
              </test-suite>
            </results>
          </test-suite>
        </results>
      </test-suite>
    </results>
  </test-suite>
</test-results>